<?xml version="1.0" encoding="UTF-8"?>
<!-- Generated by org.testng.reporters.JUnitReportReporter -->
<testsuite hostname="CLVITN-GR46M13" failures="0" tests="3" name="grid.SetUpDockerGrid" time="24.438" errors="0" timestamp="2022-03-26T23:50:00 IST" skipped="0">
  <testcase classname="grid.SetUpDockerGrid" name="chromeTest" time="5.314"/>
  <system-out/>
  <testcase classname="grid.SetUpDockerGrid" name="edgeTest" time="7.035"/>
  <system-out/>
  <testcase classname="grid.SetUpDockerGrid" name="fireFoxTest" time="12.089"/>
  <system-out/>
</testsuite> <!-- grid.SetUpDockerGrid -->
