<?xml version="1.0" encoding="UTF-8"?>
<!-- Generated by org.testng.reporters.JUnitReportReporter -->
<testsuite hostname="CLVITN-GR46M13" failures="0" tests="3" name="grid.SetUpDockerGrid" time="19.433" errors="0" timestamp="2022-03-27T00:41:07 IST" skipped="0">
  <testcase classname="grid.SetUpDockerGrid" name="edgeTest" time="4.198"/>
  <system-out/>
  <testcase classname="grid.SetUpDockerGrid" name="chromeTest" time="4.292"/>
  <system-out/>
  <testcase classname="grid.SetUpDockerGrid" name="fireFoxTest" time="10.943"/>
  <system-out/>
</testsuite> <!-- grid.SetUpDockerGrid -->
