<?xml version="1.0" encoding="UTF-8"?>
<!-- Generated by org.testng.reporters.JUnitReportReporter -->
<testsuite hostname="CLVITN-GR46M13" failures="0" tests="3" name="grid.SetUpDockerGrid" time="18.820" errors="0" timestamp="2022-03-27T00:04:01 IST" skipped="0">
  <testcase classname="grid.SetUpDockerGrid" name="fireFoxTest" time="10.639"/>
  <system-out/>
  <testcase classname="grid.SetUpDockerGrid" name="chromeTest" time="2.847"/>
  <system-out/>
  <testcase classname="grid.SetUpDockerGrid" name="edgeTest" time="5.334"/>
  <system-out/>
</testsuite> <!-- grid.SetUpDockerGrid -->
