<?xml version="1.0" encoding="UTF-8"?>
<!-- Generated by org.testng.reporters.JUnitReportReporter -->
<testsuite hostname="CLVITN-GR46M13" failures="0" tests="3" name="grid.SetUpDockerGrid" time="22.828" errors="0" timestamp="2022-03-27T00:35:59 IST" skipped="0">
  <testcase classname="grid.SetUpDockerGrid" name="edgeTest" time="5.406"/>
  <system-out/>
  <testcase classname="grid.SetUpDockerGrid" name="chromeTest" time="5.680"/>
  <system-out/>
  <testcase classname="grid.SetUpDockerGrid" name="fireFoxTest" time="11.742"/>
  <system-out/>
</testsuite> <!-- grid.SetUpDockerGrid -->
