<?xml version="1.0" encoding="UTF-8"?>
<!-- Generated by org.testng.reporters.JUnitReportReporter -->
<testsuite hostname="CLVITN-GR46M13" failures="0" tests="3" name="grid.SetUpDockerGrid" time="14.464" errors="0" timestamp="2022-03-27T00:25:17 IST" skipped="0">
  <testcase classname="grid.SetUpDockerGrid" name="chromeTest" time="2.617"/>
  <system-out/>
  <testcase classname="grid.SetUpDockerGrid" name="edgeTest" time="2.491"/>
  <system-out/>
  <testcase classname="grid.SetUpDockerGrid" name="fireFoxTest" time="9.356"/>
  <system-out/>
</testsuite> <!-- grid.SetUpDockerGrid -->
